[0.038s] Invoking command in '/home/inspire001/zero_ws/src/inspire_hand/src/build/inspire_hand': CMAKE_PREFIX_PATH=${CMAKE_PREFIX_PATH}:/opt/ros/humble /usr/bin/cmake /home/inspire001/zero_ws/src/inspire_hand/src -DCMAKE_INSTALL_PREFIX=/home/inspire001/zero_ws/src/inspire_hand/src/install/inspire_hand
[0.278s] -- The C compiler identification is GNU 11.4.0
[0.426s] -- The CXX compiler identification is GNU 11.4.0
[0.435s] -- Detecting C compiler ABI info
[0.536s] -- Detecting C compiler ABI info - done
[0.542s] -- Check for working C compiler: /usr/bin/cc - skipped
[0.543s] -- Detecting C compile features
[0.544s] -- Detecting C compile features - done
[0.548s] -- Detecting CXX compiler ABI info
[0.630s] -- Detecting CXX compiler ABI info - done
[0.634s] -- Check for working CXX compiler: /usr/bin/c++ - skipped
[0.634s] -- Detecting CXX compile features
[0.635s] -- Detecting CXX compile features - done
[0.638s] -- Found ament_cmake: 1.3.6 (/opt/ros/humble/share/ament_cmake/cmake)
[0.753s] -- Found Python3: /usr/bin/python3.10 (found version "3.10.12") found components: Interpreter 
[0.825s] -- Found rclcpp: 16.0.7 (/opt/ros/humble/share/rclcpp/cmake)
[0.864s] -- Found rosidl_generator_c: 3.1.5 (/opt/ros/humble/share/rosidl_generator_c/cmake)
[0.868s] -- Found rosidl_adapter: 3.1.5 (/opt/ros/humble/share/rosidl_adapter/cmake)
[0.876s] -- Found rosidl_generator_cpp: 3.1.5 (/opt/ros/humble/share/rosidl_generator_cpp/cmake)
[0.888s] -- Using all available rosidl_typesupport_c: rosidl_typesupport_fastrtps_c;rosidl_typesupport_introspection_c
[0.903s] -- Using all available rosidl_typesupport_cpp: rosidl_typesupport_fastrtps_cpp;rosidl_typesupport_introspection_cpp
[0.956s] -- Found rmw_implementation_cmake: 6.1.1 (/opt/ros/humble/share/rmw_implementation_cmake/cmake)
[0.958s] -- Found rmw_fastrtps_cpp: 6.2.5 (/opt/ros/humble/share/rmw_fastrtps_cpp/cmake)
[1.023s] -- Found OpenSSL: /usr/lib/x86_64-linux-gnu/libcrypto.so (found version "3.0.2")  
[1.039s] -- Found FastRTPS: /opt/ros/humble/include  
[1.064s] -- Using RMW implementation 'rmw_fastrtps_cpp' as default
[1.073s] -- Looking for pthread.h
[1.144s] -- Looking for pthread.h - found
[1.144s] -- Performing Test CMAKE_HAVE_LIBC_PTHREAD
[1.227s] -- Performing Test CMAKE_HAVE_LIBC_PTHREAD - Success
[1.228s] -- Found Threads: TRUE  
[1.339s] -- Found service_interfaces: 0.0.0 (/home/inspire001/zero_ws/install/service_interfaces/share/service_interfaces/cmake)
[1.351s] -- Found sensor_msgs: 4.2.3 (/opt/ros/humble/share/sensor_msgs/cmake)
[1.437s] -- Found message_filters: 4.3.3 (/opt/ros/humble/share/message_filters/cmake)
[1.442s] -- Found serial: 1.2.1 (/usr/local/share/serial/cmake)
[1.444s] -- Found example_interfaces: 0.9.3 (/opt/ros/humble/share/example_interfaces/cmake)
[1.542s] -- Found ament_lint_auto: 0.12.9 (/opt/ros/humble/share/ament_lint_auto/cmake)
[1.606s] -- Added test 'cppcheck' to perform static code analysis on C / C++ code
[1.606s] -- Configured cppcheck include dirs: 
[1.606s] -- Configured cppcheck exclude dirs and/or files: 
[1.608s] -- Added test 'lint_cmake' to check CMake code style
[1.613s] -- Added test 'uncrustify' to check C / C++ code style
[1.613s] -- Configured uncrustify additional arguments: 
[1.614s] -- Added test 'xmllint' to check XML markup files
[1.615s] -- Configuring done
[1.621s] -- Generating done
[1.622s] -- Build files have been written to: /home/inspire001/zero_ws/src/inspire_hand/src/build/inspire_hand
[1.629s] Invoked command in '/home/inspire001/zero_ws/src/inspire_hand/src/build/inspire_hand' returned '0': CMAKE_PREFIX_PATH=${CMAKE_PREFIX_PATH}:/opt/ros/humble /usr/bin/cmake /home/inspire001/zero_ws/src/inspire_hand/src -DCMAKE_INSTALL_PREFIX=/home/inspire001/zero_ws/src/inspire_hand/src/install/inspire_hand
[1.629s] Invoking command in '/home/inspire001/zero_ws/src/inspire_hand/src/build/inspire_hand': CMAKE_PREFIX_PATH=${CMAKE_PREFIX_PATH}:/opt/ros/humble /usr/bin/cmake --build /home/inspire001/zero_ws/src/inspire_hand/src/build/inspire_hand -- -j12 -l12
[1.656s] [ 25%] [32mBuilding CXX object CMakeFiles/Poor_node.dir/src/Poor.cpp.o[0m
[1.656s] [ 50%] [32mBuilding CXX object CMakeFiles/Hand_control_node.dir/src/Hand_control.cpp.o[0m
[3.809s] [ 75%] [32m[1mLinking CXX executable Poor_node[0m
[3.905s] [ 75%] Built target Poor_node
[8.391s] [100%] [32m[1mLinking CXX executable Hand_control_node[0m
[8.701s] [100%] Built target Hand_control_node
[8.707s] Invoked command in '/home/inspire001/zero_ws/src/inspire_hand/src/build/inspire_hand' returned '0': CMAKE_PREFIX_PATH=${CMAKE_PREFIX_PATH}:/opt/ros/humble /usr/bin/cmake --build /home/inspire001/zero_ws/src/inspire_hand/src/build/inspire_hand -- -j12 -l12
[8.725s] Invoking command in '/home/inspire001/zero_ws/src/inspire_hand/src/build/inspire_hand': CMAKE_PREFIX_PATH=${CMAKE_PREFIX_PATH}:/opt/ros/humble /usr/bin/cmake --install /home/inspire001/zero_ws/src/inspire_hand/src/build/inspire_hand
[8.729s] -- Install configuration: ""
[8.730s] -- Installing: /home/inspire001/zero_ws/src/inspire_hand/src/install/inspire_hand/lib/inspire_hand/Poor_node
[8.730s] -- Set runtime path of "/home/inspire001/zero_ws/src/inspire_hand/src/install/inspire_hand/lib/inspire_hand/Poor_node" to ""
[8.730s] -- Installing: /home/inspire001/zero_ws/src/inspire_hand/src/install/inspire_hand/lib/inspire_hand/Hand_control_node
[8.733s] -- Set runtime path of "/home/inspire001/zero_ws/src/inspire_hand/src/install/inspire_hand/lib/inspire_hand/Hand_control_node" to ""
[8.733s] -- Installing: /home/inspire001/zero_ws/src/inspire_hand/src/install/inspire_hand/share/ament_index/resource_index/package_run_dependencies/inspire_hand
[8.733s] -- Installing: /home/inspire001/zero_ws/src/inspire_hand/src/install/inspire_hand/share/ament_index/resource_index/parent_prefix_path/inspire_hand
[8.733s] -- Installing: /home/inspire001/zero_ws/src/inspire_hand/src/install/inspire_hand/share/inspire_hand/environment/ament_prefix_path.sh
[8.733s] -- Installing: /home/inspire001/zero_ws/src/inspire_hand/src/install/inspire_hand/share/inspire_hand/environment/ament_prefix_path.dsv
[8.733s] -- Installing: /home/inspire001/zero_ws/src/inspire_hand/src/install/inspire_hand/share/inspire_hand/environment/path.sh
[8.733s] -- Installing: /home/inspire001/zero_ws/src/inspire_hand/src/install/inspire_hand/share/inspire_hand/environment/path.dsv
[8.733s] -- Installing: /home/inspire001/zero_ws/src/inspire_hand/src/install/inspire_hand/share/inspire_hand/local_setup.bash
[8.733s] -- Installing: /home/inspire001/zero_ws/src/inspire_hand/src/install/inspire_hand/share/inspire_hand/local_setup.sh
[8.733s] -- Installing: /home/inspire001/zero_ws/src/inspire_hand/src/install/inspire_hand/share/inspire_hand/local_setup.zsh
[8.733s] -- Installing: /home/inspire001/zero_ws/src/inspire_hand/src/install/inspire_hand/share/inspire_hand/local_setup.dsv
[8.734s] -- Installing: /home/inspire001/zero_ws/src/inspire_hand/src/install/inspire_hand/share/inspire_hand/package.dsv
[8.734s] -- Installing: /home/inspire001/zero_ws/src/inspire_hand/src/install/inspire_hand/share/ament_index/resource_index/packages/inspire_hand
[8.734s] -- Installing: /home/inspire001/zero_ws/src/inspire_hand/src/install/inspire_hand/share/inspire_hand/cmake/inspire_handConfig.cmake
[8.734s] -- Installing: /home/inspire001/zero_ws/src/inspire_hand/src/install/inspire_hand/share/inspire_hand/cmake/inspire_handConfig-version.cmake
[8.734s] -- Installing: /home/inspire001/zero_ws/src/inspire_hand/src/install/inspire_hand/share/inspire_hand/package.xml
[8.735s] Invoked command in '/home/inspire001/zero_ws/src/inspire_hand/src/build/inspire_hand' returned '0': CMAKE_PREFIX_PATH=${CMAKE_PREFIX_PATH}:/opt/ros/humble /usr/bin/cmake --install /home/inspire001/zero_ws/src/inspire_hand/src/build/inspire_hand
